<?xml version="1.0" encoding="UTF-8"?>
<!-- Generated by org.testng.reporters.JUnitReportReporter -->
<testsuite hostname="LENO-PC0CWH8R" failures="0" tests="1" name="TestScrips.AddToCartTest" time="10.953" errors="0" timestamp="2022-09-20T16:34:33 IST" skipped="0">
  <testcase classname="TestScrips.AddToCartTest" name="AddToCartTest1" time="10.953"/>
  <system-out/>
</testsuite> <!-- TestScrips.AddToCartTest -->
